Copyright 1986-2019 Xilinx, Inc. All Rights Reserved.
------------------------------------------------------------------------------------------------------------------------------------------
| Tool Version : Vivado v.2019.1 (win64) Build 2552052 Fri May 24 14:49:42 MDT 2019
| Date         : Tue Jun  4 15:30:21 2024
| Host         : dev running 64-bit major release  (build 9200)
| Command      : report_drc -file design_1_wrapper_drc_routed.rpt -pb design_1_wrapper_drc_routed.pb -rpx design_1_wrapper_drc_routed.rpx
| Design       : design_1_wrapper
| Device       : xc7z020clg400-3
| Speed File   : -3
| Design State : Fully Routed
------------------------------------------------------------------------------------------------------------------------------------------

Report DRC

Table of Contents
-----------------
1. REPORT SUMMARY
2. REPORT DETAILS

1. REPORT SUMMARY
-----------------
            Netlist: netlist
          Floorplan: design_1
      Design limits: <entire design considered>
           Ruledeck: default
             Max violations: <unlimited>
             Violations found: 28
+--------+----------+------------------------+------------+
| Rule   | Severity | Description            | Violations |
+--------+----------+------------------------+------------+
| DPIP-1 | Warning  | Input pipelining       | 12         |
| DPOP-1 | Warning  | PREG Output pipelining | 2          |
| DPOP-2 | Warning  | MREG Output pipelining | 14         |
+--------+----------+------------------------+------------+

2. REPORT DETAILS
-----------------
DPIP-1#1 Warning
Input pipelining  
DSP design_1_i/gaussianF_ip_0/U0/u_gaussianF_ip_dut_inst/u_gaussianF_ip_src_gaussianFilter/u_singleToUint32/u_nfp_mul_comp/Delay8_out1_1_reg input design_1_i/gaussianF_ip_0/U0/u_gaussianF_ip_dut_inst/u_gaussianF_ip_src_gaussianFilter/u_singleToUint32/u_nfp_mul_comp/Delay8_out1_1_reg/A[29:0] is not pipelined. Pipelining DSP48 input will improve performance.
Related violations: <none>

DPIP-1#2 Warning
Input pipelining  
DSP design_1_i/gaussianF_ip_0/U0/u_gaussianF_ip_dut_inst/u_gaussianF_ip_src_gaussianFilter/u_singleToUint32/u_nfp_mul_comp/Delay8_out1_1_reg input design_1_i/gaussianF_ip_0/U0/u_gaussianF_ip_dut_inst/u_gaussianF_ip_src_gaussianFilter/u_singleToUint32/u_nfp_mul_comp/Delay8_out1_1_reg/B[17:0] is not pipelined. Pipelining DSP48 input will improve performance.
Related violations: <none>

DPIP-1#3 Warning
Input pipelining  
DSP design_1_i/gaussianF_ip_0/U0/u_gaussianF_ip_dut_inst/u_gaussianF_ip_src_gaussianFilter/u_singleToUint32/u_nfp_mul_comp/Delay8_out1_1_reg input design_1_i/gaussianF_ip_0/U0/u_gaussianF_ip_dut_inst/u_gaussianF_ip_src_gaussianFilter/u_singleToUint32/u_nfp_mul_comp/Delay8_out1_1_reg/C[47:0] is not pipelined. Pipelining DSP48 input will improve performance.
Related violations: <none>

DPIP-1#4 Warning
Input pipelining  
DSP design_1_i/gaussianF_ip_0/U0/u_gaussianF_ip_dut_inst/u_gaussianF_ip_src_gaussianFilter/u_singleToUint32/u_nfp_pow_comp/Delay_reg_2_reg[0] input design_1_i/gaussianF_ip_0/U0/u_gaussianF_ip_dut_inst/u_gaussianF_ip_src_gaussianFilter/u_singleToUint32/u_nfp_pow_comp/Delay_reg_2_reg[0]/A[29:0] is not pipelined. Pipelining DSP48 input will improve performance.
Related violations: <none>

DPIP-1#5 Warning
Input pipelining  
DSP design_1_i/gaussianF_ip_0/U0/u_gaussianF_ip_dut_inst/u_gaussianF_ip_src_gaussianFilter/u_uint32Tosingle2/u_nfp_mul_comp/Delay8_out1_1_reg input design_1_i/gaussianF_ip_0/U0/u_gaussianF_ip_dut_inst/u_gaussianF_ip_src_gaussianFilter/u_uint32Tosingle2/u_nfp_mul_comp/Delay8_out1_1_reg/A[29:0] is not pipelined. Pipelining DSP48 input will improve performance.
Related violations: <none>

DPIP-1#6 Warning
Input pipelining  
DSP design_1_i/gaussianF_ip_0/U0/u_gaussianF_ip_dut_inst/u_gaussianF_ip_src_gaussianFilter/u_uint32Tosingle2/u_nfp_mul_comp/Delay8_out1_1_reg input design_1_i/gaussianF_ip_0/U0/u_gaussianF_ip_dut_inst/u_gaussianF_ip_src_gaussianFilter/u_uint32Tosingle2/u_nfp_mul_comp/Delay8_out1_1_reg/B[17:0] is not pipelined. Pipelining DSP48 input will improve performance.
Related violations: <none>

DPIP-1#7 Warning
Input pipelining  
DSP design_1_i/gaussianF_ip_0/U0/u_gaussianF_ip_dut_inst/u_gaussianF_ip_src_gaussianFilter/u_uint32Tosingle2/u_nfp_mul_comp/Delay8_out1_1_reg input design_1_i/gaussianF_ip_0/U0/u_gaussianF_ip_dut_inst/u_gaussianF_ip_src_gaussianFilter/u_uint32Tosingle2/u_nfp_mul_comp/Delay8_out1_1_reg/C[47:0] is not pipelined. Pipelining DSP48 input will improve performance.
Related violations: <none>

DPIP-1#8 Warning
Input pipelining  
DSP design_1_i/gaussianF_ip_0/U0/u_gaussianF_ip_dut_inst/u_gaussianF_ip_src_gaussianFilter/u_uint32Tosingle2/u_nfp_mul_comp_1/Delay8_out1_1_reg input design_1_i/gaussianF_ip_0/U0/u_gaussianF_ip_dut_inst/u_gaussianF_ip_src_gaussianFilter/u_uint32Tosingle2/u_nfp_mul_comp_1/Delay8_out1_1_reg/A[29:0] is not pipelined. Pipelining DSP48 input will improve performance.
Related violations: <none>

DPIP-1#9 Warning
Input pipelining  
DSP design_1_i/gaussianF_ip_0/U0/u_gaussianF_ip_dut_inst/u_gaussianF_ip_src_gaussianFilter/u_uint32Tosingle2/u_nfp_mul_comp_1/Delay8_out1_1_reg input design_1_i/gaussianF_ip_0/U0/u_gaussianF_ip_dut_inst/u_gaussianF_ip_src_gaussianFilter/u_uint32Tosingle2/u_nfp_mul_comp_1/Delay8_out1_1_reg/B[17:0] is not pipelined. Pipelining DSP48 input will improve performance.
Related violations: <none>

DPIP-1#10 Warning
Input pipelining  
DSP design_1_i/gaussianF_ip_0/U0/u_gaussianF_ip_dut_inst/u_gaussianF_ip_src_gaussianFilter/u_uint32Tosingle2/u_nfp_mul_comp_1/Delay8_out1_1_reg input design_1_i/gaussianF_ip_0/U0/u_gaussianF_ip_dut_inst/u_gaussianF_ip_src_gaussianFilter/u_uint32Tosingle2/u_nfp_mul_comp_1/Delay8_out1_1_reg/C[47:0] is not pipelined. Pipelining DSP48 input will improve performance.
Related violations: <none>

DPIP-1#11 Warning
Input pipelining  
DSP design_1_i/gaussianF_ip_0/U0/u_gaussianF_ip_dut_inst/u_gaussianF_ip_src_gaussianFilter/u_uint32Tosingle2/u_nfp_pow_comp/Delay_reg_2_reg[0] input design_1_i/gaussianF_ip_0/U0/u_gaussianF_ip_dut_inst/u_gaussianF_ip_src_gaussianFilter/u_uint32Tosingle2/u_nfp_pow_comp/Delay_reg_2_reg[0]/A[29:0] is not pipelined. Pipelining DSP48 input will improve performance.
Related violations: <none>

DPIP-1#12 Warning
Input pipelining  
DSP design_1_i/gaussianF_ip_0/U0/u_gaussianF_ip_dut_inst/u_gaussianF_ip_src_gaussianFilter/u_uint32Tosingle2/u_nfp_pow_comp_1/Delay_reg_2_reg[0] input design_1_i/gaussianF_ip_0/U0/u_gaussianF_ip_dut_inst/u_gaussianF_ip_src_gaussianFilter/u_uint32Tosingle2/u_nfp_pow_comp_1/Delay_reg_2_reg[0]/A[29:0] is not pipelined. Pipelining DSP48 input will improve performance.
Related violations: <none>

DPOP-1#1 Warning
PREG Output pipelining  
DSP design_1_i/gaussianF_ip_0/U0/u_gaussianF_ip_dut_inst/u_gaussianF_ip_src_gaussianFilter/u_singleToUint32/u_nfp_log_comp/tmp_m1_tmp_m2_out1 output design_1_i/gaussianF_ip_0/U0/u_gaussianF_ip_dut_inst/u_gaussianF_ip_src_gaussianFilter/u_singleToUint32/u_nfp_log_comp/tmp_m1_tmp_m2_out1/P[47:0] is not pipelined (PREG=0). Pipelining the DSP48 output will improve performance and often saves power so it is suggested whenever possible to fully pipeline this function.  If this DSP48 function was inferred, it is suggested to describe an additional register stage after this function.  If the DSP48 was instantiated in the design, it is suggested to set the PREG attribute to 1.
Related violations: <none>

DPOP-1#2 Warning
PREG Output pipelining  
DSP design_1_i/gaussianF_ip_0/U0/u_gaussianF_ip_dut_inst/u_gaussianF_ip_src_gaussianFilter/u_singleToUint32/u_nfp_log_comp/tmp_m1_tmp_m2_out1__0 output design_1_i/gaussianF_ip_0/U0/u_gaussianF_ip_dut_inst/u_gaussianF_ip_src_gaussianFilter/u_singleToUint32/u_nfp_log_comp/tmp_m1_tmp_m2_out1__0/P[47:0] is not pipelined (PREG=0). Pipelining the DSP48 output will improve performance and often saves power so it is suggested whenever possible to fully pipeline this function.  If this DSP48 function was inferred, it is suggested to describe an additional register stage after this function.  If the DSP48 was instantiated in the design, it is suggested to set the PREG attribute to 1.
Related violations: <none>

DPOP-2#1 Warning
MREG Output pipelining  
DSP design_1_i/gaussianF_ip_0/U0/u_gaussianF_ip_dut_inst/u_gaussianF_ip_src_gaussianFilter/u_singleToUint32/u_nfp_log_comp/Delay14_PS_17_18_reg_reg[0] multiplier stage design_1_i/gaussianF_ip_0/U0/u_gaussianF_ip_dut_inst/u_gaussianF_ip_src_gaussianFilter/u_singleToUint32/u_nfp_log_comp/Delay14_PS_17_18_reg_reg[0]/P[47:0] is not pipelined (MREG=0). Pipelining the multiplier function will improve performance and will save significant power so it is suggested whenever possible to fully pipeline this function.  If this multiplier was inferred, it is suggested to describe an additional register stage after this function.  If there is no registered adder/accumulator following the multiply function, two pipeline stages are suggested to allow both the MREG and PREG registers to be used.  If the DSP48 was instantiated in the design, it is suggested to set both the MREG and PREG attributes to 1 when performing multiply functions.
Related violations: <none>

DPOP-2#2 Warning
MREG Output pipelining  
DSP design_1_i/gaussianF_ip_0/U0/u_gaussianF_ip_dut_inst/u_gaussianF_ip_src_gaussianFilter/u_singleToUint32/u_nfp_log_comp/Delay14_PS_17_18_reg_reg[0]__0 multiplier stage design_1_i/gaussianF_ip_0/U0/u_gaussianF_ip_dut_inst/u_gaussianF_ip_src_gaussianFilter/u_singleToUint32/u_nfp_log_comp/Delay14_PS_17_18_reg_reg[0]__0/P[47:0] is not pipelined (MREG=0). Pipelining the multiplier function will improve performance and will save significant power so it is suggested whenever possible to fully pipeline this function.  If this multiplier was inferred, it is suggested to describe an additional register stage after this function.  If there is no registered adder/accumulator following the multiply function, two pipeline stages are suggested to allow both the MREG and PREG registers to be used.  If the DSP48 was instantiated in the design, it is suggested to set both the MREG and PREG attributes to 1 when performing multiply functions.
Related violations: <none>

DPOP-2#3 Warning
MREG Output pipelining  
DSP design_1_i/gaussianF_ip_0/U0/u_gaussianF_ip_dut_inst/u_gaussianF_ip_src_gaussianFilter/u_singleToUint32/u_nfp_log_comp/Delay2_PS_19_20_reg_reg[0] multiplier stage design_1_i/gaussianF_ip_0/U0/u_gaussianF_ip_dut_inst/u_gaussianF_ip_src_gaussianFilter/u_singleToUint32/u_nfp_log_comp/Delay2_PS_19_20_reg_reg[0]/P[47:0] is not pipelined (MREG=0). Pipelining the multiplier function will improve performance and will save significant power so it is suggested whenever possible to fully pipeline this function.  If this multiplier was inferred, it is suggested to describe an additional register stage after this function.  If there is no registered adder/accumulator following the multiply function, two pipeline stages are suggested to allow both the MREG and PREG registers to be used.  If the DSP48 was instantiated in the design, it is suggested to set both the MREG and PREG attributes to 1 when performing multiply functions.
Related violations: <none>

DPOP-2#4 Warning
MREG Output pipelining  
DSP design_1_i/gaussianF_ip_0/U0/u_gaussianF_ip_dut_inst/u_gaussianF_ip_src_gaussianFilter/u_singleToUint32/u_nfp_log_comp/tmp_m1_tmp_m2_out1 multiplier stage design_1_i/gaussianF_ip_0/U0/u_gaussianF_ip_dut_inst/u_gaussianF_ip_src_gaussianFilter/u_singleToUint32/u_nfp_log_comp/tmp_m1_tmp_m2_out1/P[47:0] is not pipelined (MREG=0). Pipelining the multiplier function will improve performance and will save significant power so it is suggested whenever possible to fully pipeline this function.  If this multiplier was inferred, it is suggested to describe an additional register stage after this function.  If there is no registered adder/accumulator following the multiply function, two pipeline stages are suggested to allow both the MREG and PREG registers to be used.  If the DSP48 was instantiated in the design, it is suggested to set both the MREG and PREG attributes to 1 when performing multiply functions.
Related violations: <none>

DPOP-2#5 Warning
MREG Output pipelining  
DSP design_1_i/gaussianF_ip_0/U0/u_gaussianF_ip_dut_inst/u_gaussianF_ip_src_gaussianFilter/u_singleToUint32/u_nfp_log_comp/tmp_m1_tmp_m2_out1__0 multiplier stage design_1_i/gaussianF_ip_0/U0/u_gaussianF_ip_dut_inst/u_gaussianF_ip_src_gaussianFilter/u_singleToUint32/u_nfp_log_comp/tmp_m1_tmp_m2_out1__0/P[47:0] is not pipelined (MREG=0). Pipelining the multiplier function will improve performance and will save significant power so it is suggested whenever possible to fully pipeline this function.  If this multiplier was inferred, it is suggested to describe an additional register stage after this function.  If there is no registered adder/accumulator following the multiply function, two pipeline stages are suggested to allow both the MREG and PREG registers to be used.  If the DSP48 was instantiated in the design, it is suggested to set both the MREG and PREG attributes to 1 when performing multiply functions.
Related violations: <none>

DPOP-2#6 Warning
MREG Output pipelining  
DSP design_1_i/gaussianF_ip_0/U0/u_gaussianF_ip_dut_inst/u_gaussianF_ip_src_gaussianFilter/u_singleToUint32/u_nfp_mul_comp/Delay8_out1_1_reg multiplier stage design_1_i/gaussianF_ip_0/U0/u_gaussianF_ip_dut_inst/u_gaussianF_ip_src_gaussianFilter/u_singleToUint32/u_nfp_mul_comp/Delay8_out1_1_reg/P[47:0] is not pipelined (MREG=0). Pipelining the multiplier function will improve performance and will save significant power so it is suggested whenever possible to fully pipeline this function.  If this multiplier was inferred, it is suggested to describe an additional register stage after this function.  If there is no registered adder/accumulator following the multiply function, two pipeline stages are suggested to allow both the MREG and PREG registers to be used.  If the DSP48 was instantiated in the design, it is suggested to set both the MREG and PREG attributes to 1 when performing multiply functions.
Related violations: <none>

DPOP-2#7 Warning
MREG Output pipelining  
DSP design_1_i/gaussianF_ip_0/U0/u_gaussianF_ip_dut_inst/u_gaussianF_ip_src_gaussianFilter/u_singleToUint32/u_nfp_pow_comp/Delay2_reg_1_reg[0] multiplier stage design_1_i/gaussianF_ip_0/U0/u_gaussianF_ip_dut_inst/u_gaussianF_ip_src_gaussianFilter/u_singleToUint32/u_nfp_pow_comp/Delay2_reg_1_reg[0]/P[47:0] is not pipelined (MREG=0). Pipelining the multiplier function will improve performance and will save significant power so it is suggested whenever possible to fully pipeline this function.  If this multiplier was inferred, it is suggested to describe an additional register stage after this function.  If there is no registered adder/accumulator following the multiply function, two pipeline stages are suggested to allow both the MREG and PREG registers to be used.  If the DSP48 was instantiated in the design, it is suggested to set both the MREG and PREG attributes to 1 when performing multiply functions.
Related violations: <none>

DPOP-2#8 Warning
MREG Output pipelining  
DSP design_1_i/gaussianF_ip_0/U0/u_gaussianF_ip_dut_inst/u_gaussianF_ip_src_gaussianFilter/u_singleToUint32/u_nfp_pow_comp/Delay_reg_2_reg[0] multiplier stage design_1_i/gaussianF_ip_0/U0/u_gaussianF_ip_dut_inst/u_gaussianF_ip_src_gaussianFilter/u_singleToUint32/u_nfp_pow_comp/Delay_reg_2_reg[0]/P[47:0] is not pipelined (MREG=0). Pipelining the multiplier function will improve performance and will save significant power so it is suggested whenever possible to fully pipeline this function.  If this multiplier was inferred, it is suggested to describe an additional register stage after this function.  If there is no registered adder/accumulator following the multiply function, two pipeline stages are suggested to allow both the MREG and PREG registers to be used.  If the DSP48 was instantiated in the design, it is suggested to set both the MREG and PREG attributes to 1 when performing multiply functions.
Related violations: <none>

DPOP-2#9 Warning
MREG Output pipelining  
DSP design_1_i/gaussianF_ip_0/U0/u_gaussianF_ip_dut_inst/u_gaussianF_ip_src_gaussianFilter/u_uint32Tosingle2/u_nfp_mul_comp/Delay8_out1_1_reg multiplier stage design_1_i/gaussianF_ip_0/U0/u_gaussianF_ip_dut_inst/u_gaussianF_ip_src_gaussianFilter/u_uint32Tosingle2/u_nfp_mul_comp/Delay8_out1_1_reg/P[47:0] is not pipelined (MREG=0). Pipelining the multiplier function will improve performance and will save significant power so it is suggested whenever possible to fully pipeline this function.  If this multiplier was inferred, it is suggested to describe an additional register stage after this function.  If there is no registered adder/accumulator following the multiply function, two pipeline stages are suggested to allow both the MREG and PREG registers to be used.  If the DSP48 was instantiated in the design, it is suggested to set both the MREG and PREG attributes to 1 when performing multiply functions.
Related violations: <none>

DPOP-2#10 Warning
MREG Output pipelining  
DSP design_1_i/gaussianF_ip_0/U0/u_gaussianF_ip_dut_inst/u_gaussianF_ip_src_gaussianFilter/u_uint32Tosingle2/u_nfp_mul_comp_1/Delay8_out1_1_reg multiplier stage design_1_i/gaussianF_ip_0/U0/u_gaussianF_ip_dut_inst/u_gaussianF_ip_src_gaussianFilter/u_uint32Tosingle2/u_nfp_mul_comp_1/Delay8_out1_1_reg/P[47:0] is not pipelined (MREG=0). Pipelining the multiplier function will improve performance and will save significant power so it is suggested whenever possible to fully pipeline this function.  If this multiplier was inferred, it is suggested to describe an additional register stage after this function.  If there is no registered adder/accumulator following the multiply function, two pipeline stages are suggested to allow both the MREG and PREG registers to be used.  If the DSP48 was instantiated in the design, it is suggested to set both the MREG and PREG attributes to 1 when performing multiply functions.
Related violations: <none>

DPOP-2#11 Warning
MREG Output pipelining  
DSP design_1_i/gaussianF_ip_0/U0/u_gaussianF_ip_dut_inst/u_gaussianF_ip_src_gaussianFilter/u_uint32Tosingle2/u_nfp_pow_comp/Delay2_reg_1_reg[0] multiplier stage design_1_i/gaussianF_ip_0/U0/u_gaussianF_ip_dut_inst/u_gaussianF_ip_src_gaussianFilter/u_uint32Tosingle2/u_nfp_pow_comp/Delay2_reg_1_reg[0]/P[47:0] is not pipelined (MREG=0). Pipelining the multiplier function will improve performance and will save significant power so it is suggested whenever possible to fully pipeline this function.  If this multiplier was inferred, it is suggested to describe an additional register stage after this function.  If there is no registered adder/accumulator following the multiply function, two pipeline stages are suggested to allow both the MREG and PREG registers to be used.  If the DSP48 was instantiated in the design, it is suggested to set both the MREG and PREG attributes to 1 when performing multiply functions.
Related violations: <none>

DPOP-2#12 Warning
MREG Output pipelining  
DSP design_1_i/gaussianF_ip_0/U0/u_gaussianF_ip_dut_inst/u_gaussianF_ip_src_gaussianFilter/u_uint32Tosingle2/u_nfp_pow_comp/Delay_reg_2_reg[0] multiplier stage design_1_i/gaussianF_ip_0/U0/u_gaussianF_ip_dut_inst/u_gaussianF_ip_src_gaussianFilter/u_uint32Tosingle2/u_nfp_pow_comp/Delay_reg_2_reg[0]/P[47:0] is not pipelined (MREG=0). Pipelining the multiplier function will improve performance and will save significant power so it is suggested whenever possible to fully pipeline this function.  If this multiplier was inferred, it is suggested to describe an additional register stage after this function.  If there is no registered adder/accumulator following the multiply function, two pipeline stages are suggested to allow both the MREG and PREG registers to be used.  If the DSP48 was instantiated in the design, it is suggested to set both the MREG and PREG attributes to 1 when performing multiply functions.
Related violations: <none>

DPOP-2#13 Warning
MREG Output pipelining  
DSP design_1_i/gaussianF_ip_0/U0/u_gaussianF_ip_dut_inst/u_gaussianF_ip_src_gaussianFilter/u_uint32Tosingle2/u_nfp_pow_comp_1/Delay2_reg_1_reg[0] multiplier stage design_1_i/gaussianF_ip_0/U0/u_gaussianF_ip_dut_inst/u_gaussianF_ip_src_gaussianFilter/u_uint32Tosingle2/u_nfp_pow_comp_1/Delay2_reg_1_reg[0]/P[47:0] is not pipelined (MREG=0). Pipelining the multiplier function will improve performance and will save significant power so it is suggested whenever possible to fully pipeline this function.  If this multiplier was inferred, it is suggested to describe an additional register stage after this function.  If there is no registered adder/accumulator following the multiply function, two pipeline stages are suggested to allow both the MREG and PREG registers to be used.  If the DSP48 was instantiated in the design, it is suggested to set both the MREG and PREG attributes to 1 when performing multiply functions.
Related violations: <none>

DPOP-2#14 Warning
MREG Output pipelining  
DSP design_1_i/gaussianF_ip_0/U0/u_gaussianF_ip_dut_inst/u_gaussianF_ip_src_gaussianFilter/u_uint32Tosingle2/u_nfp_pow_comp_1/Delay_reg_2_reg[0] multiplier stage design_1_i/gaussianF_ip_0/U0/u_gaussianF_ip_dut_inst/u_gaussianF_ip_src_gaussianFilter/u_uint32Tosingle2/u_nfp_pow_comp_1/Delay_reg_2_reg[0]/P[47:0] is not pipelined (MREG=0). Pipelining the multiplier function will improve performance and will save significant power so it is suggested whenever possible to fully pipeline this function.  If this multiplier was inferred, it is suggested to describe an additional register stage after this function.  If there is no registered adder/accumulator following the multiply function, two pipeline stages are suggested to allow both the MREG and PREG registers to be used.  If the DSP48 was instantiated in the design, it is suggested to set both the MREG and PREG attributes to 1 when performing multiply functions.
Related violations: <none>


